Release 14.7 - xst P.20131013 (lin64)
Copyright (c) 1995-2013 Xilinx, Inc.  All rights reserved.
--> 
Parameter TMPDIR set to xst/projnav.tmp


Total REAL time to Xst completion: 0.00 secs
Total CPU time to Xst completion: 0.04 secs
 
--> 
Parameter xsthdpdir set to xst


Total REAL time to Xst completion: 0.00 secs
Total CPU time to Xst completion: 0.04 secs
 
--> 
Reading design: reg_file.prj

TABLE OF CONTENTS
  1) Synthesis Options Summary
  2) HDL Parsing
  3) HDL Elaboration
  4) HDL Synthesis
       4.1) HDL Synthesis Report
  5) Advanced HDL Synthesis
       5.1) Advanced HDL Synthesis Report
  6) Low Level Synthesis
  7) Partition Report
  8) Design Summary
       8.1) Primitive and Black Box Usage
       8.2) Device utilization summary
       8.3) Partition Resource Summary
       8.4) Timing Report
            8.4.1) Clock Information
            8.4.2) Asynchronous Control Signals Information
            8.4.3) Timing Summary
            8.4.4) Timing Details
            8.4.5) Cross Clock Domains Report


=========================================================================
*                      Synthesis Options Summary                        *
=========================================================================
---- Source Parameters
Input File Name                    : "reg_file.prj"
Ignore Synthesis Constraint File   : NO

---- Target Parameters
Output File Name                   : "reg_file"
Output Format                      : NGC
Target Device                      : xc7a100t-3-csg324

---- Source Options
Top Module Name                    : reg_file
Automatic FSM Extraction           : YES
FSM Encoding Algorithm             : Auto
Safe Implementation                : No
FSM Style                          : LUT
RAM Extraction                     : Yes
RAM Style                          : Auto
ROM Extraction                     : Yes
Shift Register Extraction          : YES
ROM Style                          : Auto
Resource Sharing                   : YES
Asynchronous To Synchronous        : NO
Shift Register Minimum Size        : 2
Use DSP Block                      : Auto
Automatic Register Balancing       : No

---- Target Options
LUT Combining                      : Auto
Reduce Control Sets                : Auto
Add IO Buffers                     : YES
Global Maximum Fanout              : 100000
Add Generic Clock Buffer(BUFG)     : 32
Register Duplication               : YES
Optimize Instantiated Primitives   : NO
Use Clock Enable                   : Auto
Use Synchronous Set                : Auto
Use Synchronous Reset              : Auto
Pack IO Registers into IOBs        : Auto
Equivalent register Removal        : YES

---- General Options
Optimization Goal                  : Speed
Optimization Effort                : 1
Power Reduction                    : NO
Keep Hierarchy                     : No
Netlist Hierarchy                  : As_Optimized
RTL Output                         : Yes
Global Optimization                : AllClockNets
Read Cores                         : YES
Write Timing Constraints           : NO
Cross Clock Analysis               : NO
Hierarchy Separator                : /
Bus Delimiter                      : <>
Case Specifier                     : Maintain
Slice Utilization Ratio            : 100
BRAM Utilization Ratio             : 100
DSP48 Utilization Ratio            : 100
Auto BRAM Packing                  : NO
Slice Utilization Ratio Delta      : 5

=========================================================================


=========================================================================
*                          HDL Parsing                                  *
=========================================================================
Analyzing Verilog file "/home/ise/Desktop/CS_224/Lab9/reg_file.v" into library work
Parsing module <reg_file>.

=========================================================================
*                            HDL Elaboration                            *
=========================================================================

Elaborating module <reg_file>.

=========================================================================
*                           HDL Synthesis                               *
=========================================================================

Synthesizing Unit <reg_file>.
    Related source file is "/home/ise/Desktop/CS_224/Lab9/reg_file.v".
    Found 32x8-bit single-port RAM <Mram_memory> for signal <memory>.
    Summary:
	inferred   1 RAM(s).
Unit <reg_file> synthesized.

=========================================================================
HDL Synthesis Report

Macro Statistics
# RAMs                                                 : 1
 32x8-bit single-port RAM                              : 1

=========================================================================

=========================================================================
*                       Advanced HDL Synthesis                          *
=========================================================================


Synthesizing (advanced) Unit <reg_file>.
INFO:Xst:3218 - HDL ADVISOR - The RAM <Mram_memory> will be implemented on LUTs either because you have described an asynchronous read or because of currently unsupported block RAM features. If you have described an asynchronous read, making it synchronous would allow you to take advantage of available block RAM resources, for optimized device usage and improved timings. Please refer to your documentation for coding guidelines.
    -----------------------------------------------------------------------
    | ram_type           | Distributed                         |          |
    -----------------------------------------------------------------------
    | Port A                                                              |
    |     aspect ratio   | 32-word x 8-bit                     |          |
    |     clkA           | connected to signal <clk>           | rise     |
    |     weA            | connected to signal <we_0>          | low      |
    |     addrA          | connected to signal <address>       |          |
    |     diA            | connected to signal <in>            |          |
    |     doA            | connected to signal <out>           |          |
    -----------------------------------------------------------------------
Unit <reg_file> synthesized (advanced).

=========================================================================
Advanced HDL Synthesis Report

Macro Statistics
# RAMs                                                 : 1
 32x8-bit single-port distributed RAM                  : 1

=========================================================================

=========================================================================
*                         Low Level Synthesis                           *
=========================================================================

Optimizing unit <reg_file> ...

Mapping all equations...
Building and optimizing final netlist ...
Found area constraint ratio of 100 (+ 5) on block reg_file, actual ratio is 0.

Final Macro Processing ...

=========================================================================
Final Register Report

Found no macro
=========================================================================

=========================================================================
*                           Partition Report                            *
=========================================================================

Partition Implementation Status
-------------------------------

  No Partitions were found in this design.

-------------------------------

=========================================================================
*                            Design Summary                             *
=========================================================================

Top Level Output File Name         : reg_file.ngc

Primitive and Black Box Usage:
------------------------------
# BELS                             : 1
#      LUT2                        : 1
# RAMS                             : 8
#      RAM32X1S                    : 8
# Clock Buffers                    : 1
#      BUFGP                       : 1
# IO Buffers                       : 23
#      IBUF                        : 15
#      OBUF                        : 8

Device utilization summary:
---------------------------

Selected Device : 7a100tcsg324-3 


Slice Logic Utilization: 
 Number of Slice LUTs:                    9  out of  63400     0%  
    Number used as Logic:                 1  out of  63400     0%  
    Number used as Memory:                8  out of  19000     0%  
       Number used as RAM:                8

Slice Logic Distribution: 
 Number of LUT Flip Flop pairs used:      9
   Number with an unused Flip Flop:       9  out of      9   100%  
   Number with an unused LUT:             0  out of      9     0%  
   Number of fully used LUT-FF pairs:     0  out of      9     0%  
   Number of unique control sets:         0

IO Utilization: 
 Number of IOs:                          24
 Number of bonded IOBs:                  24  out of    210    11%  

Specific Feature Utilization:
 Number of BUFG/BUFGCTRLs:                1  out of     32     3%  

---------------------------
Partition Resource Summary:
---------------------------

  No Partitions were found in this design.

---------------------------


=========================================================================
Timing Report

NOTE: THESE TIMING NUMBERS ARE ONLY A SYNTHESIS ESTIMATE.
      FOR ACCURATE TIMING INFORMATION PLEASE REFER TO THE TRACE REPORT
      GENERATED AFTER PLACE-and-ROUTE.

Clock Information:
------------------
-----------------------------------+------------------------+-------+
Clock Signal                       | Clock buffer(FF name)  | Load  |
-----------------------------------+------------------------+-------+
clk                                | BUFGP                  | 8     |
-----------------------------------+------------------------+-------+

Asynchronous Control Signals Information:
----------------------------------------
No asynchronous control signals found in this design

Timing Summary:
---------------
Speed Grade: -3

   Minimum period: No path found
   Minimum input arrival time before clock: 1.149ns
   Maximum output required time after clock: 1.141ns
   Maximum combinational path delay: 0.689ns

Timing Details:
---------------
All values displayed in nanoseconds (ns)

=========================================================================
Timing constraint: Default OFFSET IN BEFORE for Clock 'clk'
  Total number of paths / destination ports: 64 / 56
-------------------------------------------------------------------------
Offset:              1.149ns (Levels of Logic = 2)
  Source:            we (PAD)
  Destination:       Mram_memory1 (RAM)
  Destination Clock: clk rising

  Data Path: we to Mram_memory1
                                Gate     Net
    Cell:in->out      fanout   Delay   Delay  Logical Name (Net Name)
    ----------------------------------------  ------------
     IBUF:I->O             1   0.001   0.379  we_IBUF (we_IBUF)
     LUT2:I0->O            8   0.097   0.311  write_ctrl (write_ctrl)
     RAM32X1S:WE               0.360          Mram_memory1
    ----------------------------------------
    Total                      1.149ns (0.458ns logic, 0.691ns route)
                                       (39.9% logic, 60.1% route)

=========================================================================
Timing constraint: Default OFFSET OUT AFTER for Clock 'clk'
  Total number of paths / destination ports: 8 / 8
-------------------------------------------------------------------------
Offset:              1.141ns (Levels of Logic = 1)
  Source:            Mram_memory8 (RAM)
  Destination:       out<7> (PAD)
  Source Clock:      clk rising

  Data Path: Mram_memory8 to out<7>
                                Gate     Net
    Cell:in->out      fanout   Delay   Delay  Logical Name (Net Name)
    ----------------------------------------  ------------
     RAM32X1S:WCLK->O      1   0.862   0.279  Mram_memory8 (out_7_OBUF)
     OBUF:I->O                 0.000          out_7_OBUF (out<7>)
    ----------------------------------------
    Total                      1.141ns (0.862ns logic, 0.279ns route)
                                       (75.5% logic, 24.5% route)

=========================================================================
Timing constraint: Default path analysis
  Total number of paths / destination ports: 40 / 8
-------------------------------------------------------------------------
Delay:               0.689ns (Levels of Logic = 3)
  Source:            address<0> (PAD)
  Destination:       out<7> (PAD)

  Data Path: address<0> to out<7>
                                Gate     Net
    Cell:in->out      fanout   Delay   Delay  Logical Name (Net Name)
    ----------------------------------------  ------------
     IBUF:I->O             8   0.001   0.311  address_0_IBUF (address_0_IBUF)
     RAM32X1S:A0->O        1   0.097   0.279  Mram_memory1 (out_0_OBUF)
     OBUF:I->O                 0.000          out_0_OBUF (out<0>)
    ----------------------------------------
    Total                      0.689ns (0.098ns logic, 0.591ns route)
                                       (14.2% logic, 85.8% route)

=========================================================================

Cross Clock Domains Report:
--------------------------

=========================================================================


Total REAL time to Xst completion: 7.00 secs
Total CPU time to Xst completion: 6.24 secs
 
--> 


Total memory usage is 592828 kilobytes

Number of errors   :    0 (   0 filtered)
Number of warnings :    0 (   0 filtered)
Number of infos    :    1 (   0 filtered)

