Running: /opt/Xilinx/14.7/ISE_DS/ISE/bin/lin64/unwrapped/fuse -intstyle ise -incremental -lib unisims_ver -lib unimacro_ver -lib xilinxcorelib_ver -lib secureip -o /home/ise/Desktop/CS_224/Lab3/test_3_isim_beh.exe -prj /home/ise/Desktop/CS_224/Lab3/test_3_beh.prj work.test_3 work.glbl 
ISim P.20131013 (signature 0xfbc00daa)
Number of CPUs detected in this system: 1
Turning on mult-threading, number of parallel sub-compilation jobs: 0 
Determining compilation order of HDL files
Analyzing Verilog file "/home/ise/Desktop/CS_224/Lab3/ALU.v" into library work
Analyzing Verilog file "/home/ise/Desktop/CS_224/Lab3/test_3.v" into library work
Analyzing Verilog file "/opt/Xilinx/14.7/ISE_DS/ISE//verilog/src/glbl.v" into library work
Starting static elaboration
Completed static elaboration
Fuse Memory Usage: 94920 KB
Fuse CPU Usage: 1040 ms
Compiling module ALU
Compiling module test_3
Compiling module glbl
Time Resolution for simulation is 1ps.
Compiled 3 Verilog Units
Built simulation executable /home/ise/Desktop/CS_224/Lab3/test_3_isim_beh.exe
Fuse Memory Usage: 98040 KB
Fuse CPU Usage: 1060 ms
GCC CPU Usage: 230 ms
