Running: /opt/Xilinx/14.7/ISE_DS/ISE/bin/lin64/unwrapped/fuse -intstyle ise -incremental -lib unisims_ver -lib unimacro_ver -lib xilinxcorelib_ver -lib secureip -o /home/ise/Desktop/CS_224/Lab1/test2_isim_beh.exe -prj /home/ise/Desktop/CS_224/Lab1/test2_beh.prj work.test2 work.glbl 
ISim P.20131013 (signature 0xfbc00daa)
Number of CPUs detected in this system: 1
Turning on mult-threading, number of parallel sub-compilation jobs: 0 
Determining compilation order of HDL files
Analyzing Verilog file "/home/ise/Desktop/CS_224/Lab1/half_adder.v" into library work
Analyzing Verilog file "/home/ise/Desktop/CS_224/Lab1/full_adder.v" into library work
Analyzing Verilog file "/home/ise/Desktop/CS_224/Lab1/test2.v" into library work
Analyzing Verilog file "/opt/Xilinx/14.7/ISE_DS/ISE//verilog/src/glbl.v" into library work
Starting static elaboration
Completed static elaboration
Fuse Memory Usage: 94920 KB
Fuse CPU Usage: 1080 ms
Compiling module half_adder
Compiling module full_adder
Compiling module test2
Compiling module glbl
Time Resolution for simulation is 1ps.
Compiled 4 Verilog Units
Built simulation executable /home/ise/Desktop/CS_224/Lab1/test2_isim_beh.exe
Fuse Memory Usage: 98024 KB
Fuse CPU Usage: 1100 ms
GCC CPU Usage: 230 ms
