Running: /opt/Xilinx/14.7/ISE_DS/ISE/bin/lin64/unwrapped/fuse -intstyle ise -incremental -lib unisims_ver -lib unimacro_ver -lib xilinxcorelib_ver -lib secureip -o /home/ise/Desktop/CS_224/Lab2/test6_isim_beh.exe -prj /home/ise/Desktop/CS_224/Lab2/test6_beh.prj work.test6 work.glbl 
ISim P.20131013 (signature 0xfbc00daa)
Number of CPUs detected in this system: 1
Turning on mult-threading, number of parallel sub-compilation jobs: 0 
Determining compilation order of HDL files
Analyzing Verilog file "/home/ise/Desktop/CS_224/Lab2/cla.v" into library work
Analyzing Verilog file "/home/ise/Desktop/CS_224/Lab2/test6.v" into library work
Analyzing Verilog file "/opt/Xilinx/14.7/ISE_DS/ISE//verilog/src/glbl.v" into library work
Starting static elaboration
Completed static elaboration
Fuse Memory Usage: 94932 KB
Fuse CPU Usage: 1050 ms
Compiling module half
Compiling module cla
Compiling module test6
Compiling module glbl
Time Resolution for simulation is 1ps.
Compiled 4 Verilog Units
Built simulation executable /home/ise/Desktop/CS_224/Lab2/test6_isim_beh.exe
Fuse Memory Usage: 98044 KB
Fuse CPU Usage: 1090 ms
GCC CPU Usage: 380 ms
