Release 14.7 - xst P.20131013 (lin64)
Copyright (c) 1995-2013 Xilinx, Inc.  All rights reserved.
--> 
Parameter TMPDIR set to xst/projnav.tmp


Total REAL time to Xst completion: 0.00 secs
Total CPU time to Xst completion: 0.04 secs
 
--> 
Parameter xsthdpdir set to xst


Total REAL time to Xst completion: 0.00 secs
Total CPU time to Xst completion: 0.04 secs
 
--> 
Reading design: moore_vs_mealy.prj

TABLE OF CONTENTS
  1) Synthesis Options Summary
  2) HDL Parsing
  3) HDL Elaboration
  4) HDL Synthesis
       4.1) HDL Synthesis Report
  5) Advanced HDL Synthesis
       5.1) Advanced HDL Synthesis Report
  6) Low Level Synthesis
  7) Partition Report
  8) Design Summary
       8.1) Primitive and Black Box Usage
       8.2) Device utilization summary
       8.3) Partition Resource Summary
       8.4) Timing Report
            8.4.1) Clock Information
            8.4.2) Asynchronous Control Signals Information
            8.4.3) Timing Summary
            8.4.4) Timing Details
            8.4.5) Cross Clock Domains Report


=========================================================================
*                      Synthesis Options Summary                        *
=========================================================================
---- Source Parameters
Input File Name                    : "moore_vs_mealy.prj"
Ignore Synthesis Constraint File   : NO

---- Target Parameters
Output File Name                   : "moore_vs_mealy"
Output Format                      : NGC
Target Device                      : xc7a100t-3-csg324

---- Source Options
Top Module Name                    : moore_vs_mealy
Automatic FSM Extraction           : YES
FSM Encoding Algorithm             : Auto
Safe Implementation                : No
FSM Style                          : LUT
RAM Extraction                     : Yes
RAM Style                          : Auto
ROM Extraction                     : Yes
Shift Register Extraction          : YES
ROM Style                          : Auto
Resource Sharing                   : YES
Asynchronous To Synchronous        : NO
Shift Register Minimum Size        : 2
Use DSP Block                      : Auto
Automatic Register Balancing       : No

---- Target Options
LUT Combining                      : Auto
Reduce Control Sets                : Auto
Add IO Buffers                     : YES
Global Maximum Fanout              : 100000
Add Generic Clock Buffer(BUFG)     : 32
Register Duplication               : YES
Optimize Instantiated Primitives   : NO
Use Clock Enable                   : Auto
Use Synchronous Set                : Auto
Use Synchronous Reset              : Auto
Pack IO Registers into IOBs        : Auto
Equivalent register Removal        : YES

---- General Options
Optimization Goal                  : Speed
Optimization Effort                : 1
Power Reduction                    : NO
Keep Hierarchy                     : No
Netlist Hierarchy                  : As_Optimized
RTL Output                         : Yes
Global Optimization                : AllClockNets
Read Cores                         : YES
Write Timing Constraints           : NO
Cross Clock Analysis               : NO
Hierarchy Separator                : /
Bus Delimiter                      : <>
Case Specifier                     : Maintain
Slice Utilization Ratio            : 100
BRAM Utilization Ratio             : 100
DSP48 Utilization Ratio            : 100
Auto BRAM Packing                  : NO
Slice Utilization Ratio Delta      : 5

=========================================================================


=========================================================================
*                          HDL Parsing                                  *
=========================================================================
Analyzing Verilog file "/home/ise/Desktop/CS_224/Lab6/moore_vs_mealy.v" into library work
Parsing module <moore_vs_mealy>.

=========================================================================
*                            HDL Elaboration                            *
=========================================================================

Elaborating module <moore_vs_mealy>.
WARNING:HDLCompiler:413 - "/home/ise/Desktop/CS_224/Lab6/moore_vs_mealy.v" Line 32: Result of 32-bit expression is truncated to fit in 1-bit target.

=========================================================================
*                           HDL Synthesis                               *
=========================================================================

Synthesizing Unit <moore_vs_mealy>.
    Related source file is "/home/ise/Desktop/CS_224/Lab6/moore_vs_mealy.v".
    Found 2-bit register for signal <curr_mealy>.
    Found 3-bit register for signal <curr_moore>.
    Found finite state machine <FSM_0> for signal <curr_mealy>.
    -----------------------------------------------------------------------
    | States             | 4                                              |
    | Transitions        | 8                                              |
    | Inputs             | 1                                              |
    | Outputs            | 2                                              |
    | Clock              | clk (rising_edge)                              |
    | Reset              | reset (positive)                               |
    | Reset type         | synchronous                                    |
    | Reset State        | 00                                             |
    | Encoding           | auto                                           |
    | Implementation     | LUT                                            |
    -----------------------------------------------------------------------
    Found 8x1-bit Read Only RAM for signal <curr_moore[2]_GND_2_o_Mux_10_o>
WARNING:Xst:737 - Found 1-bit latch for signal <next_moore<2>>. Latches may be generated from incomplete case or if statements. We do not recommend the use of latches in FPGA/CPLD designs, as they may lead to timing problems.
WARNING:Xst:737 - Found 1-bit latch for signal <next_moore<1>>. Latches may be generated from incomplete case or if statements. We do not recommend the use of latches in FPGA/CPLD designs, as they may lead to timing problems.
WARNING:Xst:737 - Found 1-bit latch for signal <next_moore<0>>. Latches may be generated from incomplete case or if statements. We do not recommend the use of latches in FPGA/CPLD designs, as they may lead to timing problems.
    Summary:
	inferred   1 RAM(s).
	inferred   3 D-type flip-flop(s).
	inferred   3 Latch(s).
	inferred   5 Multiplexer(s).
	inferred   1 Finite State Machine(s).
Unit <moore_vs_mealy> synthesized.

=========================================================================
HDL Synthesis Report

Macro Statistics
# RAMs                                                 : 1
 8x1-bit single-port Read Only RAM                     : 1
# Registers                                            : 1
 3-bit register                                        : 1
# Latches                                              : 3
 1-bit latch                                           : 3
# Multiplexers                                         : 5
 1-bit 2-to-1 multiplexer                              : 5
# FSMs                                                 : 1

=========================================================================

=========================================================================
*                       Advanced HDL Synthesis                          *
=========================================================================


Synthesizing (advanced) Unit <moore_vs_mealy>.
INFO:Xst:3231 - The small RAM <Mram_curr_moore[2]_GND_2_o_Mux_10_o> will be implemented on LUTs in order to maximize performance and save block RAM resources. If you want to force its implementation on block, use option/constraint ram_style.
    -----------------------------------------------------------------------
    | ram_type           | Distributed                         |          |
    -----------------------------------------------------------------------
    | Port A                                                              |
    |     aspect ratio   | 8-word x 1-bit                      |          |
    |     weA            | connected to signal <GND>           | high     |
    |     addrA          | connected to signal <curr_moore>    |          |
    |     diA            | connected to signal <GND>           |          |
    |     doA            | connected to internal node          |          |
    -----------------------------------------------------------------------
Unit <moore_vs_mealy> synthesized (advanced).

=========================================================================
Advanced HDL Synthesis Report

Macro Statistics
# RAMs                                                 : 1
 8x1-bit single-port distributed Read Only RAM         : 1
# Registers                                            : 3
 Flip-Flops                                            : 3
# Multiplexers                                         : 5
 1-bit 2-to-1 multiplexer                              : 5
# FSMs                                                 : 1

=========================================================================

=========================================================================
*                         Low Level Synthesis                           *
=========================================================================
Analyzing FSM <MFsm> for best encoding.
Optimizing FSM <FSM_0> on signal <curr_mealy[1:2]> with user encoding.
-------------------
 State | Encoding
-------------------
 00    | 00
 01    | 01
 10    | 10
 11    | 11
-------------------

Optimizing unit <moore_vs_mealy> ...

Mapping all equations...
Building and optimizing final netlist ...
Found area constraint ratio of 100 (+ 5) on block moore_vs_mealy, actual ratio is 0.
FlipFlop curr_moore_2 has been replicated 1 time(s) to handle iob=true attribute.
FlipFlop curr_moore_1 has been replicated 1 time(s) to handle iob=true attribute.
FlipFlop curr_moore_0 has been replicated 1 time(s) to handle iob=true attribute.

Final Macro Processing ...

=========================================================================
Final Register Report

Macro Statistics
# Registers                                            : 8
 Flip-Flops                                            : 8

=========================================================================

=========================================================================
*                           Partition Report                            *
=========================================================================

Partition Implementation Status
-------------------------------

  No Partitions were found in this design.

-------------------------------

=========================================================================
*                            Design Summary                             *
=========================================================================

Top Level Output File Name         : moore_vs_mealy.ngc

Primitive and Black Box Usage:
------------------------------
# BELS                             : 9
#      LUT2                        : 2
#      LUT3                        : 4
#      LUT4                        : 3
# FlipFlops/Latches                : 11
#      FDR                         : 8
#      LD                          : 3
# Clock Buffers                    : 1
#      BUFGP                       : 1
# IO Buffers                       : 9
#      IBUF                        : 2
#      OBUF                        : 7

Device utilization summary:
---------------------------

Selected Device : 7a100tcsg324-3 


Slice Logic Utilization: 
 Number of Slice Registers:               8  out of  126800     0%  
 Number of Slice LUTs:                    9  out of  63400     0%  
    Number used as Logic:                 9  out of  63400     0%  

Slice Logic Distribution: 
 Number of LUT Flip Flop pairs used:     10
   Number with an unused Flip Flop:       2  out of     10    20%  
   Number with an unused LUT:             1  out of     10    10%  
   Number of fully used LUT-FF pairs:     7  out of     10    70%  
   Number of unique control sets:         3

IO Utilization: 
 Number of IOs:                          10
 Number of bonded IOBs:                  10  out of    210     4%  
    IOB Flip Flops/Latches:               3

Specific Feature Utilization:
 Number of BUFG/BUFGCTRLs:                1  out of     32     3%  

---------------------------
Partition Resource Summary:
---------------------------

  No Partitions were found in this design.

---------------------------


=========================================================================
Timing Report

NOTE: THESE TIMING NUMBERS ARE ONLY A SYNTHESIS ESTIMATE.
      FOR ACCURATE TIMING INFORMATION PLEASE REFER TO THE TRACE REPORT
      GENERATED AFTER PLACE-and-ROUTE.

Clock Information:
------------------
----------------------------------------------------------------------------+------------------------+-------+
Clock Signal                                                                | Clock buffer(FF name)  | Load  |
----------------------------------------------------------------------------+------------------------+-------+
Mram_curr_moore[2]_GND_2_o_Mux_10_o(Mram_curr_moore[2]_GND_2_o_Mux_10_o11:O)| NONE(*)(next_moore_2)  | 3     |
clk                                                                         | BUFGP                  | 8     |
----------------------------------------------------------------------------+------------------------+-------+
(*) This 1 clock signal(s) are generated by combinatorial logic,
and XST is not able to identify which are the primary clock signals.
Please use the CLOCK_SIGNAL constraint to specify the clock signal(s) generated by combinatorial logic.
INFO:Xst:2169 - HDL ADVISOR - Some clock signals were not automatically buffered by XST with BUFG/BUFR resources. Please use the buffer_type constraint in order to insert these buffers to the clock signals to help prevent skew problems.

Asynchronous Control Signals Information:
----------------------------------------
No asynchronous control signals found in this design

Timing Summary:
---------------
Speed Grade: -3

   Minimum period: 0.859ns (Maximum Frequency: 1163.738MHz)
   Minimum input arrival time before clock: 1.129ns
   Maximum output required time after clock: 1.267ns
   Maximum combinational path delay: 0.912ns

Timing Details:
---------------
All values displayed in nanoseconds (ns)

=========================================================================
Timing constraint: Default period analysis for Clock 'clk'
  Clock period: 0.859ns (frequency: 1163.738MHz)
  Total number of paths / destination ports: 4 / 2
-------------------------------------------------------------------------
Delay:               0.859ns (Levels of Logic = 1)
  Source:            curr_mealy_FSM_FFd2 (FF)
  Destination:       curr_mealy_FSM_FFd1 (FF)
  Source Clock:      clk rising
  Destination Clock: clk rising

  Data Path: curr_mealy_FSM_FFd2 to curr_mealy_FSM_FFd1
                                Gate     Net
    Cell:in->out      fanout   Delay   Delay  Logical Name (Net Name)
    ----------------------------------------  ------------
     FDR:C->Q              4   0.361   0.393  curr_mealy_FSM_FFd2 (curr_mealy_FSM_FFd2)
     LUT2:I0->O            1   0.097   0.000  curr_mealy_FSM_FFd1-In11 (curr_mealy_FSM_FFd1-In1)
     FDR:D                     0.008          curr_mealy_FSM_FFd1
    ----------------------------------------
    Total                      0.859ns (0.466ns logic, 0.393ns route)
                                       (54.2% logic, 45.8% route)

=========================================================================
Timing constraint: Default OFFSET IN BEFORE for Clock 'Mram_curr_moore[2]_GND_2_o_Mux_10_o'
  Total number of paths / destination ports: 3 / 3
-------------------------------------------------------------------------
Offset:              0.677ns (Levels of Logic = 2)
  Source:            x (PAD)
  Destination:       next_moore_2 (LATCH)
  Destination Clock: Mram_curr_moore[2]_GND_2_o_Mux_10_o falling

  Data Path: x to next_moore_2
                                Gate     Net
    Cell:in->out      fanout   Delay   Delay  Logical Name (Net Name)
    ----------------------------------------  ------------
     IBUF:I->O             6   0.001   0.579  x_IBUF (x_IBUF)
     LUT4:I0->O            1   0.097   0.000  Mmux_curr_moore[2]_next_moore[2]_Mux_9_o11 (curr_moore[2]_next_moore[2]_Mux_9_o)
     LD:D                     -0.028          next_moore_2
    ----------------------------------------
    Total                      0.677ns (0.098ns logic, 0.579ns route)
                                       (14.5% logic, 85.5% route)

=========================================================================
Timing constraint: Default OFFSET IN BEFORE for Clock 'clk'
  Total number of paths / destination ports: 10 / 9
-------------------------------------------------------------------------
Offset:              1.129ns (Levels of Logic = 2)
  Source:            x (PAD)
  Destination:       curr_mealy_FSM_FFd1 (FF)
  Destination Clock: clk rising

  Data Path: x to curr_mealy_FSM_FFd1
                                Gate     Net
    Cell:in->out      fanout   Delay   Delay  Logical Name (Net Name)
    ----------------------------------------  ------------
     IBUF:I->O             6   0.001   0.402  x_IBUF (x_IBUF)
     LUT2:I0->O            1   0.097   0.279  x1 (x_0)
     FDR:R                     0.349          curr_mealy_FSM_FFd1
    ----------------------------------------
    Total                      1.129ns (0.447ns logic, 0.682ns route)
                                       (39.6% logic, 60.4% route)

=========================================================================
Timing constraint: Default OFFSET OUT AFTER for Clock 'clk'
  Total number of paths / destination ports: 10 / 7
-------------------------------------------------------------------------
Offset:              1.267ns (Levels of Logic = 2)
  Source:            curr_moore_2 (FF)
  Destination:       y_moore (PAD)
  Source Clock:      clk rising

  Data Path: curr_moore_2 to y_moore
                                Gate     Net
    Cell:in->out      fanout   Delay   Delay  Logical Name (Net Name)
    ----------------------------------------  ------------
     FDR:C->Q              5   0.361   0.530  curr_moore_2 (curr_moore_2)
     LUT3:I0->O            1   0.097   0.279  curr_moore[2]_PWR_1_o_equal_16_o<2>1 (y_moore_OBUF)
     OBUF:I->O                 0.000          y_moore_OBUF (y_moore)
    ----------------------------------------
    Total                      1.267ns (0.458ns logic, 0.809ns route)
                                       (36.1% logic, 63.9% route)

=========================================================================
Timing constraint: Default path analysis
  Total number of paths / destination ports: 1 / 1
-------------------------------------------------------------------------
Delay:               0.912ns (Levels of Logic = 3)
  Source:            x (PAD)
  Destination:       y_mealy (PAD)

  Data Path: x to y_mealy
                                Gate     Net
    Cell:in->out      fanout   Delay   Delay  Logical Name (Net Name)
    ----------------------------------------  ------------
     IBUF:I->O             6   0.001   0.534  x_IBUF (x_IBUF)
     LUT3:I0->O            1   0.097   0.279  Mmux_y_mealy11 (y_mealy_OBUF)
     OBUF:I->O                 0.000          y_mealy_OBUF (y_mealy)
    ----------------------------------------
    Total                      0.912ns (0.098ns logic, 0.814ns route)
                                       (10.7% logic, 89.3% route)

=========================================================================

Cross Clock Domains Report:
--------------------------

Clock to Setup on destination clock Mram_curr_moore[2]_GND_2_o_Mux_10_o
---------------+---------+---------+---------+---------+
               | Src:Rise| Src:Fall| Src:Rise| Src:Fall|
Source Clock   |Dest:Rise|Dest:Rise|Dest:Fall|Dest:Fall|
---------------+---------+---------+---------+---------+
clk            |         |         |    0.988|         |
---------------+---------+---------+---------+---------+

Clock to Setup on destination clock clk
-----------------------------------+---------+---------+---------+---------+
                                   | Src:Rise| Src:Fall| Src:Rise| Src:Fall|
Source Clock                       |Dest:Rise|Dest:Rise|Dest:Fall|Dest:Fall|
-----------------------------------+---------+---------+---------+---------+
Mram_curr_moore[2]_GND_2_o_Mux_10_o|         |    0.763|         |         |
clk                                |    0.859|         |         |         |
-----------------------------------+---------+---------+---------+---------+

=========================================================================


Total REAL time to Xst completion: 9.00 secs
Total CPU time to Xst completion: 8.40 secs
 
--> 


Total memory usage is 601624 kilobytes

Number of errors   :    0 (   0 filtered)
Number of warnings :    4 (   0 filtered)
Number of infos    :    2 (   0 filtered)

